<?xml version="1.0" encoding="UTF-8"?>
<testsuite xmlns:xsi="http://www.w3.org/2001/XMLSchema-instance" xsi:noNamespaceSchemaLocation="https://maven.apache.org/surefire/maven-surefire-plugin/xsd/surefire-test-report-3.0.xsd" version="3.0" name="com.thirdprd.payment.webhook.WebhookIntegrationTest" time="0.806" tests="2" errors="0" skipped="0" failures="0">
  <properties>
[...]
</properties>
  <testcase name="testEndToEndWebhookProcessingFlow" classname="com.thirdprd.payment.webhook.WebhookIntegrationTest" time="0.593">
    <system-out><![CDATA[2026-08-28T09:07:11.205+05:30  INFO 8396 --- [payment-platform] [           main] t.c.s.AnnotationConfigContextLoaderUtils : Could not detect default configuration classes for test class [com.thirdprd.payment.webhook.WebhookIntegrationTest]: WebhookIntegrationTest does not declare any static, non-private, non-final, nested classes annotated with @Configuration.
2026-08-28T09:07:11.237+05:30  INFO 8396 --- [payment-platform] [           main] .b.t.c.SpringBootTestContextBootstrapper : Found @SpringBootConfiguration com.thirdprd.payment.PaymentPlatformApplication for test class com.thirdprd.payment.webhook.WebhookIntegrationTest
2026-08-28T09:07:11.515+05:30  INFO 8396 --- [payment-platform] [           main] c.t.p.p.event.PaymentEventPublisher      : Publishing PaymentCreatedEvent for paymentId: 993309bf-0478-4245-b746-1f8ca0d858a8
2026-08-28T09:07:11.516+05:30  INFO 8396 --- [payment-platform] [           main] o.s.a.r.c.CachingConnectionFactory       : Attempting to connect to: [localhost:5672]
2026-08-28T09:07:11.521+05:30  WARN 8396 --- [payment-platform] [           main] c.t.p.p.event.PaymentEventPublisher      : RabbitMQ unavailable for event publish (java.net.ConnectException: Connection refused: getsockopt), payload handled via local event bus in test profile
2026-08-28T09:07:11.523+05:30  INFO 8396 --- [payment-platform] [           main] c.t.payment.provider.UpiPaymentProvider  : UpiPaymentProvider: Creating payment request for amount: 75000 paise, method: UPI
2026-08-28T09:07:11.604+05:30  INFO 8396 --- [payment-platform] [           main] c.t.payment.provider.UpiPaymentProvider  : UPI Intent request created successfully. Intent URI: upi://pay?pa=merchant@fastpay&pn=FastPay%20Store&am=750.00&tr=upi_ref_9f4a2aed7af8&cu=INR, upiRef: upi_ref_9f4a2aed7af8
2026-08-28T09:07:11.604+05:30  INFO 8396 --- [payment-platform] [           main] c.t.p.payment.service.PaymentService     : [PERF_TIMING] paymentId=993309bf-0478-4245-b746-1f8ca0d858a8 | hop=T2_provider_call | latencyMs=81
2026-08-28T09:07:11.635+05:30  INFO 8396 --- [payment-platform] [           main] c.t.p.p.event.PaymentEventPublisher      : Publishing WebhookReceivedEvent for webhookEventId: 2bc92d8d-ab69-43d4-ad34-21e1b27fb8eb
2026-08-28T09:07:11.638+05:30  INFO 8396 --- [payment-platform] [           main] o.s.a.r.c.CachingConnectionFactory       : Attempting to connect to: [localhost:5672]
2026-08-28T09:07:11.640+05:30  WARN 8396 --- [payment-platform] [           main] c.t.p.p.event.PaymentEventPublisher      : RabbitMQ unavailable for event publish (java.net.ConnectException: Connection refused: getsockopt), payload handled via local event bus in test profile
2026-08-28T09:07:11.642+05:30  INFO 8396 --- [payment-platform] [           main] c.t.p.w.listener.WebhookEventListener    : Processing WebhookReceivedEvent from local event bus for event ID: 2bc92d8d-ab69-43d4-ad34-21e1b27fb8eb
2026-08-28T09:07:11.671+05:30  INFO 8396 --- [payment-platform] [ webhook-exec-2] c.t.p.p.event.PaymentEventPublisher      : Publishing PaymentSucceededEvent for paymentId: 993309bf-0478-4245-b746-1f8ca0d858a8
2026-08-28T09:07:11.677+05:30  INFO 8396 --- [payment-platform] [ webhook-exec-2] o.s.a.r.c.CachingConnectionFactory       : Attempting to connect to: [localhost:5672]
2026-08-28T09:07:11.704+05:30  WARN 8396 --- [payment-platform] [ webhook-exec-2] c.t.p.p.event.PaymentEventPublisher      : RabbitMQ unavailable for event publish (java.net.ConnectException: Connection refused: getsockopt), payload handled via local event bus in test profile
2026-08-28T09:07:11.708+05:30  INFO 8396 --- [payment-platform] [ webhook-exec-3] c.t.p.p.event.PaymentEventPublisher      : Publishing PaymentSucceededEvent for paymentId: 993309bf-0478-4245-b746-1f8ca0d858a8
2026-08-28T09:07:11.711+05:30  INFO 8396 --- [payment-platform] [ webhook-exec-2] c.t.p.webhook.service.WebhookService     : [PERF_TIMING] webhookEventId=2bc92d8d-ab69-43d4-ad34-21e1b27fb8eb | hop=T3->T4_state_transition | latencyMs=61
2026-08-28T09:07:11.712+05:30  INFO 8396 --- [payment-platform] [ webhook-exec-2] c.t.p.webhook.service.WebhookService     : Successfully processed webhook event ID: evt_wh_64a94169
2026-08-28T09:07:11.721+05:30  INFO 8396 --- [payment-platform] [ webhook-exec-3] o.s.a.r.c.CachingConnectionFactory       : Attempting to connect to: [localhost:5672]
2026-08-28T09:07:11.727+05:30  WARN 8396 --- [payment-platform] [ webhook-exec-3] c.t.p.p.event.PaymentEventPublisher      : RabbitMQ unavailable for event publish (java.net.ConnectException: Connection refused: getsockopt), payload handled via local event bus in test profile
2026-08-28T09:07:11.733+05:30  INFO 8396 --- [payment-platform] [ webhook-exec-3] c.t.p.webhook.service.WebhookService     : [PERF_TIMING] webhookEventId=2bc92d8d-ab69-43d4-ad34-21e1b27fb8eb | hop=T3->T4_state_transition | latencyMs=67
2026-08-28T09:07:11.733+05:30  INFO 8396 --- [payment-platform] [ webhook-exec-3] c.t.p.webhook.service.WebhookService     : Successfully processed webhook event ID: evt_wh_64a94169
]]></system-out>
  </testcase>
  <testcase name="testForgedRazorpayWebhookSignatureRejection" classname="com.thirdprd.payment.webhook.WebhookIntegrationTest" time="0.103">
    <system-out><![CDATA[2026-08-28T09:07:11.976+05:30  WARN 8396 --- [payment-platform] [           main] c.t.p.webhook.service.WebhookService     : Invalid signature for webhook event evt_rzp_ac79b6acfffc40 from RAZORPAY. Stored raw event but aborting processing.
]]></system-out>
  </testcase>
</testsuite>