<?xml version="1.0" encoding="UTF-8"?>
<testsuite xmlns:xsi="http://www.w3.org/2001/XMLSchema-instance" xsi:noNamespaceSchemaLocation="https://maven.apache.org/surefire/maven-surefire-plugin/xsd/surefire-test-report-3.0.xsd" version="3.0" name="com.thirdprd.payment.provider.UpiIntegrationTest" time="0.503" tests="2" errors="0" skipped="0" failures="0">
  <properties>
[...]
</properties>
  <testcase name="testEndToEndUpiCollectFlowFailurePathAndPushNotification" classname="com.thirdprd.payment.provider.UpiIntegrationTest" time="0.239">
    <system-out><![CDATA[2026-08-29T10:32:30.155+05:30  INFO 29452 --- [payment-platform] [           main] t.c.s.AnnotationConfigContextLoaderUtils : Could not detect default configuration classes for test class [com.thirdprd.payment.provider.UpiIntegrationTest]: UpiIntegrationTest does not declare any static, non-private, non-final, nested classes annotated with @Configuration.
2026-08-29T10:32:30.160+05:30  INFO 29452 --- [payment-platform] [           main] .b.t.c.SpringBootTestContextBootstrapper : Found @SpringBootConfiguration com.thirdprd.payment.PaymentPlatformApplication for test class com.thirdprd.payment.provider.UpiIntegrationTest
2026-08-29T10:32:30.231+05:30  INFO 29452 --- [payment-platform] [           main] c.t.p.p.event.PaymentEventPublisher      : Publishing PaymentCreatedEvent for paymentId: 49e47236-f2a3-4931-897a-b259ef29d76f
2026-08-29T10:32:30.232+05:30  INFO 29452 --- [payment-platform] [           main] o.s.a.r.c.CachingConnectionFactory       : Attempting to connect to: [localhost:5672]
2026-08-29T10:32:30.252+05:30  WARN 29452 --- [payment-platform] [           main] c.t.p.p.event.PaymentEventPublisher      : RabbitMQ unavailable for event publish (java.net.ConnectException: Connection refused: getsockopt), payload handled via local event bus in test profile
2026-08-29T10:32:30.253+05:30  INFO 29452 --- [payment-platform] [           main] c.t.payment.provider.UpiPaymentProvider  : UpiPaymentProvider: Creating payment request for amount: 25000 paise, method: UPI
2026-08-29T10:32:30.253+05:30  INFO 29452 --- [payment-platform] [           main] c.t.payment.provider.UpiPaymentProvider  : UPI Collect request initiated successfully for VPA: user@okicici, upiRef: upi_ref_09e2be629be0
2026-08-29T10:32:30.253+05:30  INFO 29452 --- [payment-platform] [           main] c.t.p.payment.service.PaymentService     : [PERF_TIMING] paymentId=49e47236-f2a3-4931-897a-b259ef29d76f | hop=T2_provider_call | latencyMs=0
2026-08-29T10:32:30.267+05:30  INFO 29452 --- [payment-platform] [           main] c.t.p.p.s.PaymentPushNotificationService : Client subscribed to SSE stream for paymentId: 49e47236-f2a3-4931-897a-b259ef29d76f. Active subscribers: 1
2026-08-29T10:32:30.274+05:30  INFO 29452 --- [payment-platform] [           main] c.t.p.p.event.PaymentEventPublisher      : Publishing WebhookReceivedEvent for webhookEventId: c941fe56-ac07-4448-8e7c-6a1dfdb7f904
2026-08-29T10:32:30.276+05:30  INFO 29452 --- [payment-platform] [           main] c.t.p.h.listener.HistorianEventListener  : Historian: Processing WebhookReceivedEvent from local event bus for event ID: c941fe56-ac07-4448-8e7c-6a1dfdb7f904
2026-08-29T10:32:30.281+05:30  INFO 29452 --- [payment-platform] [           main] c.t.p.h.listener.HistorianEventListener  : Historian: Successfully persisted WebhookEvent c941fe56-ac07-4448-8e7c-6a1dfdb7f904 to MySQL Historian datastore
2026-08-29T10:32:30.282+05:30  INFO 29452 --- [payment-platform] [           main] c.t.p.w.listener.WebhookEventListener    : Processing WebhookReceivedEvent from local event bus for event ID: c941fe56-ac07-4448-8e7c-6a1dfdb7f904
2026-08-29T10:32:30.287+05:30  INFO 29452 --- [payment-platform] [           main] o.s.a.r.c.CachingConnectionFactory       : Attempting to connect to: [localhost:5672]
2026-08-29T10:32:30.290+05:30  WARN 29452 --- [payment-platform] [           main] c.t.p.p.event.PaymentEventPublisher      : RabbitMQ unavailable for event publish (java.net.ConnectException: Connection refused: getsockopt), payload handled via local event bus in test profile
2026-08-29T10:32:30.296+05:30  INFO 29452 --- [payment-platform] [ webhook-exec-1] c.t.p.p.event.PaymentEventPublisher      : Publishing PaymentFailedEvent for paymentId: 49e47236-f2a3-4931-897a-b259ef29d76f
2026-08-29T10:32:30.297+05:30  INFO 29452 --- [payment-platform] [ webhook-exec-1] c.t.p.p.s.PaymentPushNotificationService : [PERF_TIMING] paymentId=49e47236-f2a3-4931-897a-b259ef29d76f | hop=T5->T6_push | status=FAILED | latencyMs=0
2026-08-29T10:32:30.299+05:30  INFO 29452 --- [payment-platform] [ webhook-exec-1] o.s.a.r.c.CachingConnectionFactory       : Attempting to connect to: [localhost:5672]
2026-08-29T10:32:30.321+05:30  WARN 29452 --- [payment-platform] [ webhook-exec-1] c.t.p.p.event.PaymentEventPublisher      : RabbitMQ unavailable for event publish (java.net.ConnectException: Connection refused: getsockopt), payload handled via local event bus in test profile
2026-08-29T10:32:30.326+05:30  INFO 29452 --- [payment-platform] [ webhook-exec-1] c.t.p.h.listener.HistorianEventListener  : Historian: Successfully persisted PaymentEvent for paymentId 49e47236-f2a3-4931-897a-b259ef29d76f to MySQL Historian datastore
2026-08-29T10:32:30.327+05:30  INFO 29452 --- [payment-platform] [ webhook-exec-1] c.t.p.webhook.service.WebhookService     : [PERF_TIMING] webhookEventId=c941fe56-ac07-4448-8e7c-6a1dfdb7f904 | hop=T3->T4_state_transition | latencyMs=41
2026-08-29T10:32:30.327+05:30  INFO 29452 --- [payment-platform] [ webhook-exec-1] c.t.p.webhook.service.WebhookService     : Successfully processed webhook event ID: evt_upi_fail_0da08571
]]></system-out>
  </testcase>
  <testcase name="testEndToEndUpiCollectFlowSuccessAndPushLatencyUnder200ms" classname="com.thirdprd.payment.provider.UpiIntegrationTest" time="0.228">
    <system-out><![CDATA[2026-08-29T10:32:30.480+05:30  INFO 29452 --- [payment-platform] [           main] c.t.p.p.event.PaymentEventPublisher      : Publishing PaymentCreatedEvent for paymentId: d4b1d671-89e9-4926-931d-6dc426da9fa5
2026-08-29T10:32:30.481+05:30  INFO 29452 --- [payment-platform] [           main] o.s.a.r.c.CachingConnectionFactory       : Attempting to connect to: [localhost:5672]
2026-08-29T10:32:30.483+05:30  WARN 29452 --- [payment-platform] [           main] c.t.p.p.event.PaymentEventPublisher      : RabbitMQ unavailable for event publish (java.net.ConnectException: Connection refused: getsockopt), payload handled via local event bus in test profile
2026-08-29T10:32:30.484+05:30  INFO 29452 --- [payment-platform] [           main] c.t.payment.provider.UpiPaymentProvider  : UpiPaymentProvider: Creating payment request for amount: 50000 paise, method: UPI
2026-08-29T10:32:30.485+05:30  INFO 29452 --- [payment-platform] [           main] c.t.payment.provider.UpiPaymentProvider  : UPI Collect request initiated successfully for VPA: customer@okicici, upiRef: upi_ref_65852fe98a47
2026-08-29T10:32:30.485+05:30  INFO 29452 --- [payment-platform] [           main] c.t.p.payment.service.PaymentService     : [PERF_TIMING] paymentId=d4b1d671-89e9-4926-931d-6dc426da9fa5 | hop=T2_provider_call | latencyMs=1
2026-08-29T10:32:30.501+05:30  INFO 29452 --- [payment-platform] [           main] c.t.p.p.s.PaymentPushNotificationService : Client subscribed to SSE stream for paymentId: d4b1d671-89e9-4926-931d-6dc426da9fa5. Active subscribers: 1
2026-08-29T10:32:30.507+05:30  INFO 29452 --- [payment-platform] [           main] c.t.p.p.event.PaymentEventPublisher      : Publishing WebhookReceivedEvent for webhookEventId: c941a3ed-f4d7-4910-93b2-c036b3fe20b9
2026-08-29T10:32:30.508+05:30  INFO 29452 --- [payment-platform] [           main] c.t.p.h.listener.HistorianEventListener  : Historian: Processing WebhookReceivedEvent from local event bus for event ID: c941a3ed-f4d7-4910-93b2-c036b3fe20b9
2026-08-29T10:32:30.511+05:30  INFO 29452 --- [payment-platform] [           main] c.t.p.h.listener.HistorianEventListener  : Historian: Successfully persisted WebhookEvent c941a3ed-f4d7-4910-93b2-c036b3fe20b9 to MySQL Historian datastore
2026-08-29T10:32:30.512+05:30  INFO 29452 --- [payment-platform] [           main] c.t.p.w.listener.WebhookEventListener    : Processing WebhookReceivedEvent from local event bus for event ID: c941a3ed-f4d7-4910-93b2-c036b3fe20b9
2026-08-29T10:32:30.513+05:30  INFO 29452 --- [payment-platform] [           main] o.s.a.r.c.CachingConnectionFactory       : Attempting to connect to: [localhost:5672]
2026-08-29T10:32:30.516+05:30  WARN 29452 --- [payment-platform] [           main] c.t.p.p.event.PaymentEventPublisher      : RabbitMQ unavailable for event publish (java.net.ConnectException: Connection refused: getsockopt), payload handled via local event bus in test profile
2026-08-29T10:32:30.519+05:30  INFO 29452 --- [payment-platform] [ webhook-exec-2] c.t.p.p.event.PaymentEventPublisher      : Publishing PaymentSucceededEvent for paymentId: d4b1d671-89e9-4926-931d-6dc426da9fa5
2026-08-29T10:32:30.519+05:30  INFO 29452 --- [payment-platform] [ webhook-exec-2] c.t.p.p.s.PaymentPushNotificationService : [PERF_TIMING] paymentId=d4b1d671-89e9-4926-931d-6dc426da9fa5 | hop=T5->T6_push | status=SUCCESS | latencyMs=0
2026-08-29T10:32:30.519+05:30  INFO 29452 --- [payment-platform] [ webhook-exec-2] o.s.a.r.c.CachingConnectionFactory       : Attempting to connect to: [localhost:5672]
2026-08-29T10:32:30.521+05:30  WARN 29452 --- [payment-platform] [ webhook-exec-2] c.t.p.p.event.PaymentEventPublisher      : RabbitMQ unavailable for event publish (java.net.ConnectException: Connection refused: getsockopt), payload handled via local event bus in test profile
2026-08-29T10:32:30.526+05:30  INFO 29452 --- [payment-platform] [ webhook-exec-3] c.t.p.p.event.PaymentEventPublisher      : Publishing PaymentSucceededEvent for paymentId: d4b1d671-89e9-4926-931d-6dc426da9fa5
2026-08-29T10:32:30.526+05:30  INFO 29452 --- [payment-platform] [ webhook-exec-3] c.t.p.p.s.PaymentPushNotificationService : [PERF_TIMING] paymentId=d4b1d671-89e9-4926-931d-6dc426da9fa5 | hop=T5->T6_push | status=SUCCESS | latencyMs=0
2026-08-29T10:32:30.527+05:30  INFO 29452 --- [payment-platform] [ webhook-exec-3] o.s.a.r.c.CachingConnectionFactory       : Attempting to connect to: [localhost:5672]
2026-08-29T10:32:30.529+05:30  WARN 29452 --- [payment-platform] [ webhook-exec-3] c.t.p.p.event.PaymentEventPublisher      : RabbitMQ unavailable for event publish (java.net.ConnectException: Connection refused: getsockopt), payload handled via local event bus in test profile
2026-08-29T10:32:30.530+05:30  INFO 29452 --- [payment-platform] [ webhook-exec-2] c.t.p.h.listener.HistorianEventListener  : Historian: Successfully persisted PaymentEvent for paymentId d4b1d671-89e9-4926-931d-6dc426da9fa5 to MySQL Historian datastore
2026-08-29T10:32:30.531+05:30  INFO 29452 --- [payment-platform] [ webhook-exec-2] c.t.p.webhook.service.WebhookService     : [PERF_TIMING] webhookEventId=c941a3ed-f4d7-4910-93b2-c036b3fe20b9 | hop=T3->T4_state_transition | latencyMs=18
2026-08-29T10:32:30.531+05:30  INFO 29452 --- [payment-platform] [ webhook-exec-2] c.t.p.webhook.service.WebhookService     : Successfully processed webhook event ID: evt_upi_7f0cdcc3
2026-08-29T10:32:30.536+05:30  INFO 29452 --- [payment-platform] [ webhook-exec-3] c.t.p.h.listener.HistorianEventListener  : Historian: Successfully persisted PaymentEvent for paymentId d4b1d671-89e9-4926-931d-6dc426da9fa5 to MySQL Historian datastore
2026-08-29T10:32:30.539+05:30  INFO 29452 --- [payment-platform] [ webhook-exec-3] c.t.p.webhook.service.WebhookService     : [PERF_TIMING] webhookEventId=d67ef723-ae11-43e6-bdef-b67b98f026f5 | hop=T3->T4_state_transition | latencyMs=20
2026-08-29T10:32:30.539+05:30  INFO 29452 --- [payment-platform] [ webhook-exec-3] c.t.p.webhook.service.WebhookService     : Successfully processed webhook event ID: evt_upi_7f0cdcc3
]]></system-out>
  </testcase>
</testsuite>