<?xml version="1.0" encoding="UTF-8"?>
<testsuite xmlns:xsi="http://www.w3.org/2001/XMLSchema-instance" xsi:noNamespaceSchemaLocation="https://maven.apache.org/surefire/maven-surefire-plugin/xsd/surefire-test-report-3.0.xsd" version="3.0" name="com.thirdprd.payment.idempotency.IdempotencyConcurrencyIntegrationTest" time="23.972" tests="1" errors="0" skipped="0" failures="0">
  <properties>
[...]
</properties>
  <testcase name="testConcurrentRequestsWithSameIdempotencyKeyReturnSamePaymentAndNoConflict" classname="com.thirdprd.payment.idempotency.IdempotencyConcurrencyIntegrationTest" time="1.735">
    <system-out><![CDATA[09:06:32.212 [main] INFO org.springframework.test.context.support.AnnotationConfigContextLoaderUtils -- Could not detect default configuration classes for test class [com.thirdprd.payment.idempotency.IdempotencyConcurrencyIntegrationTest]: IdempotencyConcurrencyIntegrationTest does not declare any static, non-private, non-final, nested classes annotated with @Configuration.
09:06:32.503 [main] INFO org.springframework.boot.test.context.SpringBootTestContextBootstrapper -- Found @SpringBootConfiguration com.thirdprd.payment.PaymentPlatformApplication for test class com.thirdprd.payment.idempotency.IdempotencyConcurrencyIntegrationTest

  .   ____          _            __ _ _
 /\\ / ___'_ __ _ _(_)_ __  __ _ \ \ \ \
( ( )\___ | '_ | '_| | '_ \/ _` | \ \ \ \
 \\/  ___)| |_)| | | | | || (_| |  ) ) ) )
  '  |____| .__|_| |_|_| |_\__, | / / / /
 =========|_|==============|___/=/_/_/_/

 :: Spring Boot ::                (v3.3.4)

2026-08-28T09:06:33.223+05:30  WARN 8396 --- [payment-platform] [           main] ory$DuplicateJsonObjectContextCustomizer : 

Found multiple occurrences of org.json.JSONObject on the class path:

	jar:file:/C:/Users/ilove/.m2/repository/org/json/json/20231013/json-20231013.jar!/org/json/JSONObject.class
	jar:file:/C:/Users/ilove/.m2/repository/com/vaadin/external/google/android-json/0.0.20131108.vaadin1/android-json-0.0.20131108.vaadin1.jar!/org/json/JSONObject.class

You may wish to exclude one of them to ensure predictable runtime behavior

2026-08-28T09:06:33.251+05:30  INFO 8396 --- [payment-platform] [           main] .i.IdempotencyConcurrencyIntegrationTest : Starting IdempotencyConcurrencyIntegrationTest using Java 25.0.2 with PID 8396 (started by ilove in C:\Users\ilove\OneDrive\Desktop\razorpay)
2026-08-28T09:06:33.253+05:30  INFO 8396 --- [payment-platform] [           main] .i.IdempotencyConcurrencyIntegrationTest : The following 1 profile is active: "test"
2026-08-28T09:06:38.276+05:30  INFO 8396 --- [payment-platform] [           main] .s.d.r.c.RepositoryConfigurationDelegate : Multiple Spring Data modules found, entering strict repository configuration mode
2026-08-28T09:06:38.276+05:30  INFO 8396 --- [payment-platform] [           main] .s.d.r.c.RepositoryConfigurationDelegate : Bootstrapping Spring Data JPA repositories in DEFAULT mode.
2026-08-28T09:06:39.068+05:30  INFO 8396 --- [payment-platform] [           main] .s.d.r.c.RepositoryConfigurationDelegate : Finished Spring Data repository scanning in 764 ms. Found 10 JPA repository interfaces.
2026-08-28T09:06:43.172+05:30  INFO 8396 --- [payment-platform] [           main] o.hibernate.jpa.internal.util.LogHelper  : HHH000204: Processing PersistenceUnitInfo [name: default]
2026-08-28T09:06:43.523+05:30  INFO 8396 --- [payment-platform] [           main] org.hibernate.Version                    : HHH000412: Hibernate ORM core version 6.5.3.Final
2026-08-28T09:06:43.785+05:30  INFO 8396 --- [payment-platform] [           main] o.h.c.internal.RegionFactoryInitiator    : HHH000026: Second-level cache disabled
2026-08-28T09:06:45.381+05:30  INFO 8396 --- [payment-platform] [           main] o.s.o.j.p.SpringPersistenceUnitInfo      : No LoadTimeWeaver setup: ignoring JPA class transformer
2026-08-28T09:06:45.524+05:30  INFO 8396 --- [payment-platform] [           main] com.zaxxer.hikari.HikariDataSource       : HikariPool-1 - Starting...
2026-08-28T09:06:45.980+05:30  INFO 8396 --- [payment-platform] [           main] com.zaxxer.hikari.pool.HikariPool        : HikariPool-1 - Added connection conn0: url=jdbc:h2:mem:testdb user=SA
2026-08-28T09:06:45.983+05:30  INFO 8396 --- [payment-platform] [           main] com.zaxxer.hikari.HikariDataSource       : HikariPool-1 - Start completed.
2026-08-28T09:06:46.035+05:30  WARN 8396 --- [payment-platform] [           main] org.hibernate.dialect.Dialect            : HHH000511: The 2.2.224 version for [org.hibernate.dialect.PostgreSQLDialect] is no longer supported, hence certain features may not work properly. The minimum supported version is 12.0.0. Check the community dialects project for available legacy versions.
2026-08-28T09:06:46.053+05:30  WARN 8396 --- [payment-platform] [           main] org.hibernate.orm.deprecation            : HHH90000025: PostgreSQLDialect does not need to be specified explicitly using 'hibernate.dialect' (remove the property setting and it will be selected by default)
2026-08-28T09:06:47.517+05:30  INFO 8396 --- [payment-platform] [           main] o.h.e.t.j.p.i.JtaPlatformInitiator       : HHH000489: No JTA platform available (set 'hibernate.transaction.jta.platform' to enable JTA platform integration)
2026-08-28T09:06:47.601+05:30  INFO 8396 --- [payment-platform] [           main] j.LocalContainerEntityManagerFactoryBean : Initialized JPA EntityManagerFactory for persistence unit 'default'
2026-08-28T09:06:48.601+05:30  INFO 8396 --- [payment-platform] [           main] o.s.d.j.r.query.QueryEnhancerFactory     : Hibernate is in classpath; If applicable, HQL parser will be used.
2026-08-28T09:06:48.742+05:30  INFO 8396 --- [payment-platform] [           main] c.t.p.provider.config.RazorpayConfig     : Active payment provider configured as: mock
2026-08-28T09:06:51.230+05:30  WARN 8396 --- [payment-platform] [           main] .s.s.UserDetailsServiceAutoConfiguration : 

Using generated security password: d506ad80-0e6e-4f0f-9a25-8a91f16f7fba

This generated password is for development use only. Your security configuration must be updated before running your application in production.

2026-08-28T09:06:51.250+05:30  INFO 8396 --- [payment-platform] [           main] r$InitializeUserDetailsManagerConfigurer : Global AuthenticationManager configured with UserDetailsService bean with name inMemoryUserDetailsManager
2026-08-28T09:06:51.924+05:30  INFO 8396 --- [payment-platform] [           main] o.s.b.a.e.web.EndpointLinksResolver      : Exposing 3 endpoints beneath base path '/actuator'
2026-08-28T09:06:53.763+05:30  INFO 8396 --- [payment-platform] [           main] o.s.b.t.m.w.SpringBootMockServletContext : Initializing Spring TestDispatcherServlet ''
2026-08-28T09:06:53.764+05:30  INFO 8396 --- [payment-platform] [           main] o.s.t.web.servlet.TestDispatcherServlet  : Initializing Servlet ''
2026-08-28T09:06:53.766+05:30  INFO 8396 --- [payment-platform] [           main] o.s.t.web.servlet.TestDispatcherServlet  : Completed initialization in 2 ms
2026-08-28T09:06:53.919+05:30  INFO 8396 --- [payment-platform] [           main] o.s.a.r.c.CachingConnectionFactory       : Attempting to connect to: [localhost:5672]
2026-08-28T09:06:53.945+05:30  INFO 8396 --- [payment-platform] [           main] o.s.a.r.l.SimpleMessageListenerContainer : Broker not available; cannot force queue declarations during start: java.net.ConnectException: Connection refused: getsockopt
2026-08-28T09:06:53.954+05:30  INFO 8396 --- [payment-platform] [ntContainer#0-1] o.s.a.r.c.CachingConnectionFactory       : Attempting to connect to: [localhost:5672]
2026-08-28T09:06:53.966+05:30 ERROR 8396 --- [payment-platform] [ntContainer#0-1] o.s.a.r.l.SimpleMessageListenerContainer : Failed to check/redeclare auto-delete queue(s).

org.springframework.amqp.AmqpConnectException: java.net.ConnectException: Connection refused: getsockopt
	at org.springframework.amqp.rabbit.support.RabbitExceptionTranslator.convertRabbitAccessException(RabbitExceptionTranslator.java:61) ~[spring-rabbit-3.1.7.jar:3.1.7]
	at org.springframework.amqp.rabbit.connection.AbstractConnectionFactory.createBareConnection(AbstractConnectionFactory.java:622) ~[spring-rabbit-3.1.7.jar:3.1.7]
	at org.springframework.amqp.rabbit.connection.CachingConnectionFactory.createConnection(CachingConnectionFactory.java:726) ~[spring-rabbit-3.1.7.jar:3.1.7]
	at org.springframework.amqp.rabbit.connection.ConnectionFactoryUtils.createConnection(ConnectionFactoryUtils.java:257) ~[spring-rabbit-3.1.7.jar:3.1.7]
	at org.springframework.amqp.rabbit.core.RabbitTemplate.doExecute(RabbitTemplate.java:2249) ~[spring-rabbit-3.1.7.jar:3.1.7]
	at org.springframework.amqp.rabbit.core.RabbitTemplate.execute(RabbitTemplate.java:2222) ~[spring-rabbit-3.1.7.jar:3.1.7]
	at org.springframework.amqp.rabbit.core.RabbitTemplate.execute(RabbitTemplate.java:2202) ~[spring-rabbit-3.1.7.jar:3.1.7]
	at org.springframework.amqp.rabbit.core.RabbitAdmin.getQueueInfo(RabbitAdmin.java:467) ~[spring-rabbit-3.1.7.jar:3.1.7]
	at org.springframework.amqp.rabbit.core.RabbitAdmin.getQueueProperties(RabbitAdmin.java:451) ~[spring-rabbit-3.1.7.jar:3.1.7]
	at org.springframework.amqp.rabbit.listener.AbstractMessageListenerContainer.attemptDeclarations(AbstractMessageListenerContainer.java:1960) ~[spring-rabbit-3.1.7.jar:3.1.7]
	at org.springframework.amqp.rabbit.listener.AbstractMessageListenerContainer.redeclareElementsIfNecessary(AbstractMessageListenerContainer.java:1924) ~[spring-rabbit-3.1.7.jar:3.1.7]
	at org.springframework.amqp.rabbit.listener.SimpleMessageListenerContainer$AsyncMessageProcessingConsumer.initialize(SimpleMessageListenerContainer.java:1479) ~[spring-rabbit-3.1.7.jar:3.1.7]
	at org.springframework.amqp.rabbit.listener.SimpleMessageListenerContainer$AsyncMessageProcessingConsumer.run(SimpleMessageListenerContainer.java:1320) ~[spring-rabbit-3.1.7.jar:3.1.7]
	at java.base/java.lang.Thread.run(Thread.java:1474) ~[na:na]
Caused by: java.net.ConnectException: Connection refused: getsockopt
	at java.base/sun.nio.ch.Net.pollConnect(Native Method) ~[na:na]
	at java.base/sun.nio.ch.Net.pollConnectNow(Net.java:639) ~[na:na]
	at java.base/sun.nio.ch.NioSocketImpl.timedFinishConnect(NioSocketImpl.java:543) ~[na:na]
	at java.base/sun.nio.ch.NioSocketImpl.connect(NioSocketImpl.java:594) ~[na:na]
	at java.base/java.net.SocksSocketImpl.connect(SocksSocketImpl.java:284) ~[na:na]
	at java.base/java.net.Socket.connect(Socket.java:659) ~[na:na]
	at com.rabbitmq.client.impl.SocketFrameHandlerFactory.create(SocketFrameHandlerFactory.java:61) ~[amqp-client-5.21.0.jar:5.21.0]
	at com.rabbitmq.client.ConnectionFactory.newConnection(ConnectionFactory.java:1249) ~[amqp-client-5.21.0.jar:5.21.0]
	at com.rabbitmq.client.ConnectionFactory.newConnection(ConnectionFactory.java:1198) ~[amqp-client-5.21.0.jar:5.21.0]
	at org.springframework.amqp.rabbit.connection.AbstractConnectionFactory.connectAddresses(AbstractConnectionFactory.java:668) ~[spring-rabbit-3.1.7.jar:3.1.7]
	at org.springframework.amqp.rabbit.connection.AbstractConnectionFactory.connect(AbstractConnectionFactory.java:637) ~[spring-rabbit-3.1.7.jar:3.1.7]
	at org.springframework.amqp.rabbit.connection.AbstractConnectionFactory.createBareConnection(AbstractConnectionFactory.java:584) ~[spring-rabbit-3.1.7.jar:3.1.7]
	... 12 common frames omitted

2026-08-28T09:06:53.972+05:30  INFO 8396 --- [payment-platform] [ntContainer#0-1] o.s.a.r.c.CachingConnectionFactory       : Attempting to connect to: [localhost:5672]
2026-08-28T09:06:54.006+05:30  INFO 8396 --- [payment-platform] [           main] .i.IdempotencyConcurrencyIntegrationTest : Started IdempotencyConcurrencyIntegrationTest in 21.213 seconds (process running for 23.09)
2026-08-28T09:06:55.640+05:30  WARN 8396 --- [payment-platform] [pool-6-thread-1] c.t.p.i.s.RedisIdempotencyLockService    : Redis unavailable for idempotency locking (Unable to connect to Redis)
2026-08-28T09:06:55.646+05:30  WARN 8396 --- [payment-platform] [pool-6-thread-7] c.t.p.i.s.RedisIdempotencyLockService    : Redis unavailable for idempotency locking (Unable to connect to Redis)
2026-08-28T09:06:55.655+05:30  WARN 8396 --- [payment-platform] [pool-6-thread-2] c.t.p.i.s.RedisIdempotencyLockService    : Redis unavailable for idempotency locking (Unable to connect to Redis)
2026-08-28T09:06:55.666+05:30  WARN 8396 --- [payment-platform] [pool-6-thread-3] c.t.p.i.s.RedisIdempotencyLockService    : Redis unavailable for idempotency locking (Unable to connect to Redis)
2026-08-28T09:06:55.677+05:30  WARN 8396 --- [payment-platform] [pool-6-thread-9] c.t.p.i.s.RedisIdempotencyLockService    : Redis unavailable for idempotency locking (Unable to connect to Redis)
2026-08-28T09:06:55.711+05:30  INFO 8396 --- [payment-platform] [pool-6-thread-1] c.t.p.p.event.PaymentEventPublisher      : Publishing PaymentCreatedEvent for paymentId: 2626e16a-9fcc-4721-879e-651e2fef0d1d
2026-08-28T09:06:55.713+05:30  WARN 8396 --- [payment-platform] [pool-6-thread-6] c.t.p.i.s.RedisIdempotencyLockService    : Redis unavailable for idempotency locking (Unable to connect to Redis)
2026-08-28T09:06:55.725+05:30  WARN 8396 --- [payment-platform] [pool-6-thread-8] c.t.p.i.s.RedisIdempotencyLockService    : Redis unavailable for idempotency locking (Unable to connect to Redis)
2026-08-28T09:06:55.734+05:30  WARN 8396 --- [payment-platform] [pool-6-thread-5] c.t.p.i.s.RedisIdempotencyLockService    : Redis unavailable for idempotency locking (Unable to connect to Redis)
2026-08-28T09:06:55.741+05:30  INFO 8396 --- [payment-platform] [pool-6-thread-1] o.s.a.r.c.CachingConnectionFactory       : Attempting to connect to: [localhost:5672]
2026-08-28T09:06:55.743+05:30  WARN 8396 --- [payment-platform] [ool-6-thread-10] c.t.p.i.s.RedisIdempotencyLockService    : Redis unavailable for idempotency locking (Unable to connect to Redis)
2026-08-28T09:06:55.745+05:30  WARN 8396 --- [payment-platform] [pool-6-thread-1] c.t.p.p.event.PaymentEventPublisher      : RabbitMQ unavailable for event publish (java.net.ConnectException: Connection refused: getsockopt), payload handled via local event bus in test profile
2026-08-28T09:06:55.753+05:30  WARN 8396 --- [payment-platform] [pool-6-thread-4] c.t.p.i.s.RedisIdempotencyLockService    : Redis unavailable for idempotency locking (Unable to connect to Redis)
2026-08-28T09:06:55.771+05:30  INFO 8396 --- [payment-platform] [pool-6-thread-1] c.t.p.payment.service.PaymentService     : [PERF_TIMING] paymentId=2626e16a-9fcc-4721-879e-651e2fef0d1d | hop=T2_provider_call | latencyMs=21
2026-08-28T09:06:55.773+05:30  INFO 8396 --- [payment-platform] [pool-6-thread-1] c.t.p.p.event.PaymentEventPublisher      : Publishing PaymentSucceededEvent for paymentId: 2626e16a-9fcc-4721-879e-651e2fef0d1d
2026-08-28T09:06:55.776+05:30  INFO 8396 --- [payment-platform] [pool-6-thread-1] o.s.a.r.c.CachingConnectionFactory       : Attempting to connect to: [localhost:5672]
2026-08-28T09:06:55.778+05:30  WARN 8396 --- [payment-platform] [pool-6-thread-1] c.t.p.p.event.PaymentEventPublisher      : RabbitMQ unavailable for event publish (java.net.ConnectException: Connection refused: getsockopt), payload handled via local event bus in test profile
Thread #0 status: 201 body: {"success":true,"data":{"id":"2626e16a-9fcc-4721-879e-651e2fef0d1d","orderId":"96ad1cc2-b944-4a57-a9a9-0d6aee9176cf","merchantId":"09a5eaa6-7b2d-4043-8113-7da744850974","amount":15000,"currency":"INR","status":"SUCCESS","provider":"MOCK_PROVIDER","providerPaymentId":"pay_mock_ed6f50a5bc91448a","method":"CARD","errorCode":null,"errorDescription":null,"upiReferenceId":null,"vpa":null,"intentUri":null,"qrCodeBase64":null,"createdAt":"2026-08-28T03:36:55.659989700Z","updatedAt":"2026-08-28T03:36:55.781946300Z"},"timestamp":"2026-08-28T03:36:55.805661200Z"}
Thread #1 status: 201 body: {"success":true,"data":{"id":"2626e16a-9fcc-4721-879e-651e2fef0d1d","orderId":"96ad1cc2-b944-4a57-a9a9-0d6aee9176cf","merchantId":"09a5eaa6-7b2d-4043-8113-7da744850974","amount":15000,"currency":"INR","status":"SUCCESS","provider":"MOCK_PROVIDER","providerPaymentId":"pay_mock_ed6f50a5bc91448a","method":"CARD","errorCode":null,"errorDescription":null,"upiReferenceId":null,"vpa":null,"intentUri":null,"qrCodeBase64":null,"createdAt":"2026-08-28T03:36:55.659989700Z","updatedAt":"2026-08-28T03:36:55.781946300Z"},"timestamp":"2026-08-28T03:36:55.805661200Z"}
Thread #2 status: 201 body: {"success":true,"data":{"id":"2626e16a-9fcc-4721-879e-651e2fef0d1d","orderId":"96ad1cc2-b944-4a57-a9a9-0d6aee9176cf","merchantId":"09a5eaa6-7b2d-4043-8113-7da744850974","amount":15000,"currency":"INR","status":"SUCCESS","provider":"MOCK_PROVIDER","providerPaymentId":"pay_mock_ed6f50a5bc91448a","method":"CARD","errorCode":null,"errorDescription":null,"upiReferenceId":null,"vpa":null,"intentUri":null,"qrCodeBase64":null,"createdAt":"2026-08-28T03:36:55.659989700Z","updatedAt":"2026-08-28T03:36:55.781946300Z"},"timestamp":"2026-08-28T03:36:55.805661200Z"}
Thread #3 status: 201 body: {"success":true,"data":{"id":"2626e16a-9fcc-4721-879e-651e2fef0d1d","orderId":"96ad1cc2-b944-4a57-a9a9-0d6aee9176cf","merchantId":"09a5eaa6-7b2d-4043-8113-7da744850974","amount":15000,"currency":"INR","status":"SUCCESS","provider":"MOCK_PROVIDER","providerPaymentId":"pay_mock_ed6f50a5bc91448a","method":"CARD","errorCode":null,"errorDescription":null,"upiReferenceId":null,"vpa":null,"intentUri":null,"qrCodeBase64":null,"createdAt":"2026-08-28T03:36:55.659989700Z","updatedAt":"2026-08-28T03:36:55.781946300Z"},"timestamp":"2026-08-28T03:36:55.805661200Z"}
Thread #4 status: 201 body: {"success":true,"data":{"id":"2626e16a-9fcc-4721-879e-651e2fef0d1d","orderId":"96ad1cc2-b944-4a57-a9a9-0d6aee9176cf","merchantId":"09a5eaa6-7b2d-4043-8113-7da744850974","amount":15000,"currency":"INR","status":"SUCCESS","provider":"MOCK_PROVIDER","providerPaymentId":"pay_mock_ed6f50a5bc91448a","method":"CARD","errorCode":null,"errorDescription":null,"upiReferenceId":null,"vpa":null,"intentUri":null,"qrCodeBase64":null,"createdAt":"2026-08-28T03:36:55.659989700Z","updatedAt":"2026-08-28T03:36:55.781946300Z"},"timestamp":"2026-08-28T03:36:55.805661200Z"}
Thread #5 status: 201 body: {"success":true,"data":{"id":"2626e16a-9fcc-4721-879e-651e2fef0d1d","orderId":"96ad1cc2-b944-4a57-a9a9-0d6aee9176cf","merchantId":"09a5eaa6-7b2d-4043-8113-7da744850974","amount":15000,"currency":"INR","status":"SUCCESS","provider":"MOCK_PROVIDER","providerPaymentId":"pay_mock_ed6f50a5bc91448a","method":"CARD","errorCode":null,"errorDescription":null,"upiReferenceId":null,"vpa":null,"intentUri":null,"qrCodeBase64":null,"createdAt":"2026-08-28T03:36:55.659989700Z","updatedAt":"2026-08-28T03:36:55.781946300Z"},"timestamp":"2026-08-28T03:36:55.805661200Z"}
Thread #6 status: 201 body: {"success":true,"data":{"id":"2626e16a-9fcc-4721-879e-651e2fef0d1d","orderId":"96ad1cc2-b944-4a57-a9a9-0d6aee9176cf","merchantId":"09a5eaa6-7b2d-4043-8113-7da744850974","amount":15000,"currency":"INR","status":"SUCCESS","provider":"MOCK_PROVIDER","providerPaymentId":"pay_mock_ed6f50a5bc91448a","method":"CARD","errorCode":null,"errorDescription":null,"upiReferenceId":null,"vpa":null,"intentUri":null,"qrCodeBase64":null,"createdAt":"2026-08-28T03:36:55.659989700Z","updatedAt":"2026-08-28T03:36:55.781946300Z"},"timestamp":"2026-08-28T03:36:55.805661200Z"}
Thread #7 status: 201 body: {"success":true,"data":{"id":"2626e16a-9fcc-4721-879e-651e2fef0d1d","orderId":"96ad1cc2-b944-4a57-a9a9-0d6aee9176cf","merchantId":"09a5eaa6-7b2d-4043-8113-7da744850974","amount":15000,"currency":"INR","status":"SUCCESS","provider":"MOCK_PROVIDER","providerPaymentId":"pay_mock_ed6f50a5bc91448a","method":"CARD","errorCode":null,"errorDescription":null,"upiReferenceId":null,"vpa":null,"intentUri":null,"qrCodeBase64":null,"createdAt":"2026-08-28T03:36:55.659989700Z","updatedAt":"2026-08-28T03:36:55.781946300Z"},"timestamp":"2026-08-28T03:36:55.805661200Z"}
Thread #8 status: 201 body: {"success":true,"data":{"id":"2626e16a-9fcc-4721-879e-651e2fef0d1d","orderId":"96ad1cc2-b944-4a57-a9a9-0d6aee9176cf","merchantId":"09a5eaa6-7b2d-4043-8113-7da744850974","amount":15000,"currency":"INR","status":"SUCCESS","provider":"MOCK_PROVIDER","providerPaymentId":"pay_mock_ed6f50a5bc91448a","method":"CARD","errorCode":null,"errorDescription":null,"upiReferenceId":null,"vpa":null,"intentUri":null,"qrCodeBase64":null,"createdAt":"2026-08-28T03:36:55.659989700Z","updatedAt":"2026-08-28T03:36:55.781946300Z"},"timestamp":"2026-08-28T03:36:55.805661200Z"}
Thread #9 status: 201 body: {"success":true,"data":{"id":"2626e16a-9fcc-4721-879e-651e2fef0d1d","orderId":"96ad1cc2-b944-4a57-a9a9-0d6aee9176cf","merchantId":"09a5eaa6-7b2d-4043-8113-7da744850974","amount":15000,"currency":"INR","status":"SUCCESS","provider":"MOCK_PROVIDER","providerPaymentId":"pay_mock_ed6f50a5bc91448a","method":"CARD","errorCode":null,"errorDescription":null,"upiReferenceId":null,"vpa":null,"intentUri":null,"qrCodeBase64":null,"createdAt":"2026-08-28T03:36:55.659989700Z","updatedAt":"2026-08-28T03:36:55.781946300Z"},"timestamp":"2026-08-28T03:36:55.805661200Z"}
2026-08-28T09:06:55.893+05:30  WARN 8396 --- [payment-platform] [           main] c.t.p.c.e.GlobalExceptionHandler         : Idempotency Conflict Exception: Idempotency key 'idem_concurrent_pay_001' was previously used with a different request payload
]]></system-out>
    <system-err><![CDATA[WARNING: A Java agent has been loaded dynamically (C:\Users\ilove\.m2\repository\net\bytebuddy\byte-buddy-agent\1.14.19\byte-buddy-agent-1.14.19.jar)
WARNING: If a serviceability tool is in use, please run with -XX:+EnableDynamicAgentLoading to hide this warning
WARNING: If a serviceability tool is not in use, please run with -Djdk.instrument.traceUsage for more information
WARNING: Dynamic loading of agents will be disallowed by default in a future release
]]></system-err>
  </testcase>
</testsuite>